<?xml version="1.0" encoding="UTF-8"?>
<testsuite name="com.bridgelabz.moodanalyser.MoodAnalyserTest" tests="1" skipped="0" failures="0" errors="0" timestamp="2021-03-29T18:55:11" hostname="SAISHANKER" time="0.094">
  <properties/>
  <testcase name="givenMessage_WhenMessageNotSad_ShouldReturnHappy()" classname="com.bridgelabz.moodanalyser.MoodAnalyserTest" time="0.094"/>
  <system-out><![CDATA[]]></system-out>
  <system-err><![CDATA[]]></system-err>
</testsuite>
